1537360760209	mozrunner::runner	INFO	Running command: "/Applications/Firefox.app/Contents/MacOS/firefox-bin" "-marionette" "-foreground" "-no-remote" "-profile" "/var/folders/lj/wdqbd_ns5zsbhn36c1f2f7d40000gn/T/rust_mozprofile.JJ5hSBPUZ6nf"
2018-09-19 20:39:22.256 plugin-container[2349:112739] *** CFMessagePort: bootstrap_register(): failed 1100 (0x44c) 'Permission denied', port = 0x9833, name = 'com.apple.tsm.portname'
See /usr/include/servers/bootstrap_defs.h for the error codes.
2018-09-19 20:39:22.588 plugin-container[2350:112773] *** CFMessagePort: bootstrap_register(): failed 1100 (0x44c) 'Permission denied', port = 0x9137, name = 'com.apple.tsm.portname'
See /usr/include/servers/bootstrap_defs.h for the error codes.
1537360763055	Marionette	INFO	Listening on port 55037
1537360763151	Marionette	WARN	TLS certificate errors will be ignored for this session
1537360763218	Marionette	DEBUG	[4294967297] Frame script loaded
1537360763219	Marionette	DEBUG	[4294967297] Frame script registered
1537360763245	Marionette	DEBUG	[4294967297] Received DOM event beforeunload for about:blank
1537360763623	Marionette	DEBUG	[4294967297] Received DOM event pagehide for about:blank
2018-09-19 20:39:23.969 plugin-container[2351:112900] *** CFMessagePort: bootstrap_register(): failed 1100 (0x44c) 'Permission denied', port = 0x8c3f, name = 'com.apple.tsm.portname'
See /usr/include/servers/bootstrap_defs.h for the error codes.
1537360764309	Marionette	DEBUG	[4294967297] Received DOM event DOMContentLoaded for https://www.baidu.com/
1537360764443	Marionette	DEBUG	[4294967297] Received DOM event pageshow for https://www.baidu.com/
1537360837563	mozrunner::runner	INFO	Running command: "/Applications/Firefox.app/Contents/MacOS/firefox-bin" "-marionette" "-foreground" "-no-remote" "-profile" "/var/folders/lj/wdqbd_ns5zsbhn36c1f2f7d40000gn/T/rust_mozprofile.OuWu1RACjjXt"
2018-09-19 20:40:39.589 plugin-container[2363:113806] *** CFMessagePort: bootstrap_register(): failed 1100 (0x44c) 'Permission denied', port = 0x972f, name = 'com.apple.tsm.portname'
See /usr/include/servers/bootstrap_defs.h for the error codes.
2018-09-19 20:40:39.980 plugin-container[2364:113828] *** CFMessagePort: bootstrap_register(): failed 1100 (0x44c) 'Permission denied', port = 0x922b, name = 'com.apple.tsm.portname'
See /usr/include/servers/bootstrap_defs.h for the error codes.
1537360840390	Marionette	INFO	Listening on port 55105
1537360840474	Marionette	WARN	TLS certificate errors will be ignored for this session
1537360840530	Marionette	DEBUG	[4294967297] Frame script loaded
1537360840534	Marionette	DEBUG	[4294967297] Frame script registered
1537360840568	Marionette	DEBUG	[4294967297] Received DOM event beforeunload for about:blank
1537360840965	Marionette	DEBUG	[4294967297] Received DOM event pagehide for about:blank
2018-09-19 20:40:41.151 plugin-container[2365:113953] *** CFMessagePort: bootstrap_register(): failed 1100 (0x44c) 'Permission denied', port = 0x8e2f, name = 'com.apple.tsm.portname'
See /usr/include/servers/bootstrap_defs.h for the error codes.
JavaScript error: https://ss1.bdstatic.com/5eN1bjq8AAUYm2zgoY3K/r/www/cache/static/protocol/https/plugins/every_cookie_mac_82990d4.js, line 4: ReferenceError: c is not defined
1537360841570	Marionette	DEBUG	[4294967297] Received DOM event DOMContentLoaded for https://www.baidu.com/
1537360841695	Marionette	DEBUG	[4294967297] Received DOM event pageshow for https://www.baidu.com/
1537360859675	mozrunner::runner	INFO	Running command: "/Applications/Firefox.app/Contents/MacOS/firefox-bin" "-marionette" "-foreground" "-no-remote" "-profile" "/var/folders/lj/wdqbd_ns5zsbhn36c1f2f7d40000gn/T/rust_mozprofile.QYgA3Z70OFOK"
2018-09-19 20:41:01.657 plugin-container[2374:114405] *** CFMessagePort: bootstrap_register(): failed 1100 (0x44c) 'Permission denied', port = 0x973b, name = 'com.apple.tsm.portname'
See /usr/include/servers/bootstrap_defs.h for the error codes.
2018-09-19 20:41:02.037 plugin-container[2375:114430] *** CFMessagePort: bootstrap_register(): failed 1100 (0x44c) 'Permission denied', port = 0x9237, name = 'com.apple.tsm.portname'
See /usr/include/servers/bootstrap_defs.h for the error codes.
1537360862644	Marionette	INFO	Listening on port 55173
2018-09-19 20:41:02.673 plugin-container[2376:114513] *** CFMessagePort: bootstrap_register(): failed 1100 (0x44c) 'Permission denied', port = 0x8e37, name = 'com.apple.tsm.portname'
See /usr/include/servers/bootstrap_defs.h for the error codes.
1537360862712	Marionette	WARN	TLS certificate errors will be ignored for this session
1537360862775	Marionette	DEBUG	[4294967297] Frame script loaded
1537360862784	Marionette	DEBUG	[4294967297] Frame script registered
1537360862824	Marionette	DEBUG	[4294967297] Received DOM event beforeunload for about:blank
1537360863214	Marionette	DEBUG	[4294967297] Received DOM event pagehide for about:blank
1537360863227	Marionette	DEBUG	[4294967297] Received DOM event DOMContentLoaded for http://eve-central.com/home/quicklook.html?typeid=34
1537360867431	Marionette	DEBUG	[4294967297] Received DOM event pageshow for http://eve-central.com/home/quicklook.html?typeid=34
[Parent 2347, Gecko_IOThread] WARNING: pipe error: Broken pipe: file /builds/worker/workspace/build/src/ipc/chromium/src/chrome/common/ipc_channel_posix.cc, line 726
1537360892103	Marionette	INFO	Stopped listening on port 55037
1537360894422	Marionette	INFO	Stopped listening on port 55105
1537360896813	Marionette	INFO	Stopped listening on port 55173
1537361030745	mozrunner::runner	INFO	Running command: "/Applications/Firefox.app/Contents/MacOS/firefox-bin" "-marionette" "-foreground" "-no-remote" "-profile" "/var/folders/lj/wdqbd_ns5zsbhn36c1f2f7d40000gn/T/rust_mozprofile.s26zvqgqVUyJ"
2018-09-19 20:43:52.249 plugin-container[2396:116348] *** CFMessagePort: bootstrap_register(): failed 1100 (0x44c) 'Permission denied', port = 0x9137, name = 'com.apple.tsm.portname'
See /usr/include/servers/bootstrap_defs.h for the error codes.
2018-09-19 20:43:52.598 plugin-container[2397:116372] *** CFMessagePort: bootstrap_register(): failed 1100 (0x44c) 'Permission denied', port = 0x9237, name = 'com.apple.tsm.portname'
See /usr/include/servers/bootstrap_defs.h for the error codes.
1537361033073	Marionette	INFO	Listening on port 55281
1537361033115	Marionette	WARN	TLS certificate errors will be ignored for this session
1537361033160	Marionette	DEBUG	[4294967297] Frame script loaded
1537361033182	Marionette	DEBUG	[4294967297] Frame script registered
1537361033204	Marionette	DEBUG	[4294967297] Received DOM event beforeunload for about:blank
2018-09-19 20:43:53.673 plugin-container[2398:116488] *** CFMessagePort: bootstrap_register(): failed 1100 (0x44c) 'Permission denied', port = 0x8f37, name = 'com.apple.tsm.portname'
See /usr/include/servers/bootstrap_defs.h for the error codes.
1537361035242	Marionette	DEBUG	[4294967297] Received DOM event pagehide for about:blank
1537361041237	Marionette	DEBUG	[4294967297] Received DOM event DOMContentLoaded for https://gleague.nba.com/news/
1537361056256	Marionette	DEBUG	[4294967297] Received DOM event pageshow for https://gleague.nba.com/news/
1537361082438	mozrunner::runner	INFO	Running command: "/Applications/Firefox.app/Contents/MacOS/firefox-bin" "-marionette" "-foreground" "-no-remote" "-profile" "/var/folders/lj/wdqbd_ns5zsbhn36c1f2f7d40000gn/T/rust_mozprofile.v5ocFI3sJigp"
2018-09-19 20:44:44.152 plugin-container[2407:116932] *** CFMessagePort: bootstrap_register(): failed 1100 (0x44c) 'Permission denied', port = 0x983b, name = 'com.apple.tsm.portname'
See /usr/include/servers/bootstrap_defs.h for the error codes.
2018-09-19 20:44:44.501 plugin-container[2408:116957] *** CFMessagePort: bootstrap_register(): failed 1100 (0x44c) 'Permission denied', port = 0x923b, name = 'com.apple.tsm.portname'
See /usr/include/servers/bootstrap_defs.h for the error codes.
1537361084917	Marionette	INFO	Listening on port 55430
1537361084971	Marionette	WARN	TLS certificate errors will be ignored for this session
1537361085031	Marionette	DEBUG	[4294967297] Frame script loaded
1537361085034	Marionette	DEBUG	[4294967297] Frame script registered
1537361085067	Marionette	DEBUG	[4294967297] Received DOM event beforeunload for about:blank
2018-09-19 20:44:45.699 plugin-container[2409:117072] *** CFMessagePort: bootstrap_register(): failed 1100 (0x44c) 'Permission denied', port = 0x8e2f, name = 'com.apple.tsm.portname'
See /usr/include/servers/bootstrap_defs.h for the error codes.
1537361087486	Marionette	DEBUG	[4294967297] Received DOM event pagehide for about:blank
1537361094843	Marionette	DEBUG	[4294967297] Received DOM event DOMContentLoaded for https://gleague.nba.com/news/
1537361110344	Marionette	DEBUG	[4294967297] Received DOM event pageshow for https://gleague.nba.com/news/
1537361547928	mozrunner::runner	INFO	Running command: "/Applications/Firefox.app/Contents/MacOS/firefox-bin" "-marionette" "-foreground" "-no-remote" "-profile" "/var/folders/lj/wdqbd_ns5zsbhn36c1f2f7d40000gn/T/rust_mozprofile.zp2OuSwyVE86"
2018-09-19 20:52:29.564 plugin-container[2434:119665] *** CFMessagePort: bootstrap_register(): failed 1100 (0x44c) 'Permission denied', port = 0x9433, name = 'com.apple.tsm.portname'
See /usr/include/servers/bootstrap_defs.h for the error codes.
2018-09-19 20:52:29.905 plugin-container[2435:119687] *** CFMessagePort: bootstrap_register(): failed 1100 (0x44c) 'Permission denied', port = 0x9237, name = 'com.apple.tsm.portname'
See /usr/include/servers/bootstrap_defs.h for the error codes.
1537361550385	Marionette	INFO	Listening on port 55669
1537361550430	Marionette	WARN	TLS certificate errors will be ignored for this session
1537361550490	Marionette	DEBUG	[4294967297] Frame script loaded
1537361550494	Marionette	DEBUG	[4294967297] Frame script registered
1537361550522	Marionette	DEBUG	[4294967297] Received DOM event beforeunload for about:blank
2018-09-19 20:52:31.161 plugin-container[2436:119843] *** CFMessagePort: bootstrap_register(): failed 1100 (0x44c) 'Permission denied', port = 0x8e37, name = 'com.apple.tsm.portname'
See /usr/include/servers/bootstrap_defs.h for the error codes.
1537361552995	Marionette	DEBUG	[4294967297] Received DOM event pagehide for about:blank
1537361557810	Marionette	DEBUG	[4294967297] Received DOM event DOMContentLoaded for https://gleague.nba.com/news/
1537361576572	Marionette	DEBUG	[4294967297] Received DOM event pageshow for https://gleague.nba.com/news/
